[
  {
    "comments": [
      {
        "line": 1,
        "value": "#src/test/resources/features/flight/english/GuestUser.feature"
      }
    ],
    "line": 2,
    "elements": [
      {
        "line": 6,
        "name": "",
        "description": "",
        "type": "background",
        "keyword": "Background",
        "steps": [
          {
            "result": {
              "duration": 79355823,
              "status": "passed"
            },
            "line": 7,
            "name": "I am on login page of Flights",
            "match": {
              "location": "FlightLoginSteps.i_am_on_login_page_of_Flight()"
            },
            "keyword": "Given "
          }
        ]
      },
      {
        "before": [
          {
            "result": {
              "duration": 13965625582,
              "status": "passed"
            },
            "match": {
              "location": "BrowserUtils.launchUrl()"
            }
          }
        ],
        "line": 38,
        "name": "Validate if the user can book OneWay Trip",
        "description": "",
        "id": "guest-user-functionality-on-flights;validate-if-the-user-can-book-oneway-trip;;2",
        "after": [
          {
            "result": {
              "duration": 6013351789,
              "error_message": "org.openqa.selenium.WebDriverException: chrome not reachable\n  (Session info: chrome\u003d68.0.3440.106)\n  (Driver info: chromedriver\u003d2.40.565498 (ea082db3280dd6843ebfb08a625e3eb905c4f5ab),platform\u003dWindows NT 10.0.17134 x86_64) (WARNING: The server did not provide any stacktrace information)\nCommand duration or timeout: 0 milliseconds\nBuild info: version: \u00273.12.0\u0027, revision: \u00277c6e0b3\u0027, time: \u00272018-05-08T14:04:26.12Z\u0027\nSystem info: host: \u0027ROS-PC331\u0027, ip: \u002710.0.75.1\u0027, os.name: \u0027Windows 10\u0027, os.arch: \u0027amd64\u0027, os.version: \u002710.0\u0027, java.version: \u00271.8.0_144\u0027\nDriver info: org.openqa.selenium.chrome.ChromeDriver\nCapabilities {acceptInsecureCerts: false, acceptSslCerts: false, applicationCacheEnabled: false, browserConnectionEnabled: false, browserName: chrome, chrome: {chromedriverVersion: 2.40.565498 (ea082db3280dd6..., userDataDir: C:\\Users\\Nagababu\\AppData\\L...}, cssSelectorsEnabled: true, databaseEnabled: false, handlesAlerts: true, hasTouchScreen: false, javascriptEnabled: true, locationContextEnabled: true, mobileEmulationEnabled: false, nativeEvents: true, networkConnectionEnabled: false, pageLoadStrategy: normal, platform: XP, platformName: XP, rotatable: false, setWindowRect: true, takesHeapSnapshot: true, takesScreenshot: true, unexpectedAlertBehaviour: , unhandledPromptBehavior: , version: 68.0.3440.106, webStorageEnabled: true}\nSession ID: 01cd1e44ccaeb3c770737387699d631b\r\n\tat sun.reflect.NativeConstructorAccessorImpl.newInstance0(Native Method)\r\n\tat sun.reflect.NativeConstructorAccessorImpl.newInstance(Unknown Source)\r\n\tat sun.reflect.DelegatingConstructorAccessorImpl.newInstance(Unknown Source)\r\n\tat java.lang.reflect.Constructor.newInstance(Unknown Source)\r\n\tat org.openqa.selenium.remote.ErrorHandler.createThrowable(ErrorHandler.java:214)\r\n\tat org.openqa.selenium.remote.ErrorHandler.throwIfResponseFailed(ErrorHandler.java:166)\r\n\tat org.openqa.selenium.remote.http.JsonHttpResponseCodec.reconstructValue(JsonHttpResponseCodec.java:40)\r\n\tat org.openqa.selenium.remote.http.AbstractHttpResponseCodec.decode(AbstractHttpResponseCodec.java:80)\r\n\tat org.openqa.selenium.remote.http.AbstractHttpResponseCodec.decode(AbstractHttpResponseCodec.java:44)\r\n\tat org.openqa.selenium.remote.HttpCommandExecutor.execute(HttpCommandExecutor.java:158)\r\n\tat org.openqa.selenium.remote.service.DriverCommandExecutor.execute(DriverCommandExecutor.java:83)\r\n\tat org.openqa.selenium.remote.RemoteWebDriver.execute(RemoteWebDriver.java:543)\r\n\tat org.openqa.selenium.remote.RemoteWebDriver.execute(RemoteWebDriver.java:600)\r\n\tat org.openqa.selenium.remote.RemoteWebDriver.getScreenshotAs(RemoteWebDriver.java:289)\r\n\tat cloud.rehlat.utils.HookUtils.cleanUp(HookUtils.java:25)\r\n\tat sun.reflect.NativeMethodAccessorImpl.invoke0(Native Method)\r\n\tat sun.reflect.NativeMethodAccessorImpl.invoke(Unknown Source)\r\n\tat sun.reflect.DelegatingMethodAccessorImpl.invoke(Unknown Source)\r\n\tat java.lang.reflect.Method.invoke(Unknown Source)\r\n\tat cucumber.runtime.Utils$1.call(Utils.java:40)\r\n\tat cucumber.runtime.Timeout.timeout(Timeout.java:16)\r\n\tat cucumber.runtime.Utils.invoke(Utils.java:34)\r\n\tat cucumber.runtime.java.JavaHookDefinition.execute(JavaHookDefinition.java:60)\r\n\tat cucumber.runtime.Runtime.runHookIfTagsMatch(Runtime.java:224)\r\n\tat cucumber.runtime.Runtime.runHooks(Runtime.java:212)\r\n\tat cucumber.runtime.Runtime.runAfterHooks(Runtime.java:206)\r\n\tat cucumber.runtime.model.CucumberScenario.run(CucumberScenario.java:46)\r\n\tat cucumber.runtime.junit.ExecutionUnitRunner.run(ExecutionUnitRunner.java:102)\r\n\tat org.junit.runners.Suite.runChild(Suite.java:128)\r\n\tat org.junit.runners.Suite.runChild(Suite.java:27)\r\n\tat org.junit.runners.ParentRunner$3.run(ParentRunner.java:290)\r\n\tat org.junit.runners.ParentRunner$1.schedule(ParentRunner.java:71)\r\n\tat org.junit.runners.ParentRunner.runChildren(ParentRunner.java:288)\r\n\tat org.junit.runners.ParentRunner.access$000(ParentRunner.java:58)\r\n\tat org.junit.runners.ParentRunner$2.evaluate(ParentRunner.java:268)\r\n\tat org.junit.runners.ParentRunner.run(ParentRunner.java:363)\r\n\tat cucumber.runtime.junit.ExamplesRunner.run(ExamplesRunner.java:59)\r\n\tat org.junit.runners.Suite.runChild(Suite.java:128)\r\n\tat org.junit.runners.Suite.runChild(Suite.java:27)\r\n\tat org.junit.runners.ParentRunner$3.run(ParentRunner.java:290)\r\n\tat org.junit.runners.ParentRunner$1.schedule(ParentRunner.java:71)\r\n\tat org.junit.runners.ParentRunner.runChildren(ParentRunner.java:288)\r\n\tat org.junit.runners.ParentRunner.access$000(ParentRunner.java:58)\r\n\tat org.junit.runners.ParentRunner$2.evaluate(ParentRunner.java:268)\r\n\tat org.junit.runners.ParentRunner.run(ParentRunner.java:363)\r\n\tat cucumber.runtime.junit.ScenarioOutlineRunner.run(ScenarioOutlineRunner.java:53)\r\n\tat cucumber.runtime.junit.FeatureRunner.runChild(FeatureRunner.java:63)\r\n\tat cucumber.runtime.junit.FeatureRunner.runChild(FeatureRunner.java:18)\r\n\tat org.junit.runners.ParentRunner$3.run(ParentRunner.java:290)\r\n\tat org.junit.runners.ParentRunner$1.schedule(ParentRunner.java:71)\r\n\tat org.junit.runners.ParentRunner.runChildren(ParentRunner.java:288)\r\n\tat org.junit.runners.ParentRunner.access$000(ParentRunner.java:58)\r\n\tat org.junit.runners.ParentRunner$2.evaluate(ParentRunner.java:268)\r\n\tat org.junit.runners.ParentRunner.run(ParentRunner.java:363)\r\n\tat cucumber.runtime.junit.FeatureRunner.run(FeatureRunner.java:70)\r\n\tat cucumber.api.junit.Cucumber.runChild(Cucumber.java:95)\r\n\tat cucumber.api.junit.Cucumber.runChild(Cucumber.java:38)\r\n\tat org.junit.runners.ParentRunner$3.run(ParentRunner.java:290)\r\n\tat org.junit.runners.ParentRunner$1.schedule(ParentRunner.java:71)\r\n\tat org.junit.runners.ParentRunner.runChildren(ParentRunner.java:288)\r\n\tat org.junit.runners.ParentRunner.access$000(ParentRunner.java:58)\r\n\tat org.junit.runners.ParentRunner$2.evaluate(ParentRunner.java:268)\r\n\tat org.junit.internal.runners.statements.RunBefores.evaluate(RunBefores.java:26)\r\n\tat org.junit.runners.ParentRunner.run(ParentRunner.java:363)\r\n\tat cucumber.api.junit.Cucumber.run(Cucumber.java:100)\r\n\tat org.eclipse.jdt.internal.junit4.runner.JUnit4TestReference.run(JUnit4TestReference.java:86)\r\n\tat org.eclipse.jdt.internal.junit.runner.TestExecution.run(TestExecution.java:38)\r\n\tat org.eclipse.jdt.internal.junit.runner.RemoteTestRunner.runTests(RemoteTestRunner.java:459)\r\n\tat org.eclipse.jdt.internal.junit.runner.RemoteTestRunner.runTests(RemoteTestRunner.java:675)\r\n\tat org.eclipse.jdt.internal.junit.runner.RemoteTestRunner.run(RemoteTestRunner.java:382)\r\n\tat org.eclipse.jdt.internal.junit.runner.RemoteTestRunner.main(RemoteTestRunner.java:192)\r\n",
              "status": "failed"
            },
            "match": {
              "location": "HookUtils.cleanUp(Scenario)"
            }
          }
        ],
        "type": "scenario",
        "keyword": "Scenario Outline",
        "steps": [
          {
            "result": {
              "duration": 81107250,
              "status": "passed"
            },
            "line": 11,
            "name": "I go to Rehlat Home page",
            "match": {
              "location": "FlightLoginSteps.i_go_to_Home_page()"
            },
            "keyword": "When "
          },
          {
            "result": {
              "duration": 2209799618,
              "status": "passed"
            },
            "line": 12,
            "name": "I go to select OneWay Radio button",
            "match": {
              "location": "OneWayTripSteps.i_go_to_select_oneway()"
            },
            "keyword": "When "
          },
          {
            "result": {
              "duration": 4439852033,
              "status": "passed"
            },
            "line": 13,
            "name": "I can enter From and To city names",
            "match": {
              "location": "OneWayTripSteps.i_can_enter_from_and_to_city_names(DataTable)"
            },
            "matchedColumns": [
              2,
              3
            ],
            "rows": [
              {
                "cells": [
                  "fromCity",
                  "DXB"
                ],
                "line": 14
              },
              {
                "cells": [
                  "toCity",
                  "MCT"
                ],
                "line": 15
              }
            ],
            "keyword": "When "
          },
          {
            "result": {
              "duration": 44755196958,
              "status": "passed"
            },
            "line": 16,
            "name": "I can select date and traveller information",
            "match": {
              "location": "OneWayTripSteps.i_can_select_date_and_traveller_details(DataTable)"
            },
            "matchedColumns": [
              4,
              5,
              6
            ],
            "rows": [
              {
                "cells": [
                  "adults",
                  "2"
                ],
                "line": 17
              },
              {
                "cells": [
                  "childs",
                  "1"
                ],
                "line": 18
              },
              {
                "cells": [
                  "infant",
                  "2"
                ],
                "line": 19
              }
            ],
            "keyword": "When "
          },
          {
            "result": {
              "duration": 1381266242,
              "status": "passed"
            },
            "line": 20,
            "name": "I can verify text and select the filter",
            "match": {
              "location": "BookNowSteps.i_can_verify_text_and_select_filter()"
            },
            "keyword": "When "
          },
          {
            "result": {
              "duration": 16188904466,
              "status": "passed"
            },
            "line": 21,
            "name": "I can verify price details in flightdetails Pop up page",
            "match": {
              "location": "BookNowSteps.i_can_verify_price_details_in_flight_details_popUp_page()"
            },
            "keyword": "When "
          },
          {
            "result": {
              "duration": 3603071163,
              "status": "passed"
            },
            "line": 22,
            "name": "I can verify add on check box",
            "match": {
              "location": "BookingSummarySteps.i_can_verify_text_and_select_filter(DataTable)"
            },
            "matchedColumns": [
              7
            ],
            "rows": [
              {
                "cells": [
                  "addOnBaggage",
                  "NO"
                ],
                "line": 23
              }
            ],
            "keyword": "When "
          },
          {
            "result": {
              "duration": 5441710258,
              "status": "passed"
            },
            "line": 24,
            "name": "I can enter email and coupon code and verify the show more details popUp",
            "match": {
              "location": "BookingSummarySteps.i_can_enter_email_and_coupon_code_and_verify_show_more_details_popUp(DataTable)"
            },
            "matchedColumns": [
              8,
              9
            ],
            "rows": [
              {
                "cells": [
                  "CouponCodeStatus",
                  "NO"
                ],
                "line": 25
              },
              {
                "cells": [
                  "EnterCoupon",
                  ""
                ],
                "line": 26
              }
            ],
            "keyword": "When "
          },
          {
            "result": {
              "duration": 2065998012,
              "status": "passed"
            },
            "line": 27,
            "name": "I can navigative to traveller Information page",
            "match": {
              "location": "TravellerInformationSteps.i_go_navigative_traveller_information_page()"
            },
            "keyword": "When "
          },
          {
            "result": {
              "duration": 10189823240,
              "status": "passed"
            },
            "line": 28,
            "name": "I can enter Traveller details",
            "match": {
              "location": "TravellerInformationSteps.i_can_enter_Traveller_details(DataTable)"
            },
            "matchedColumns": [
              4,
              5,
              6
            ],
            "rows": [
              {
                "cells": [
                  "adults",
                  "2"
                ],
                "line": 29
              },
              {
                "cells": [
                  "childs",
                  "1"
                ],
                "line": 30
              },
              {
                "cells": [
                  "infant",
                  "2"
                ],
                "line": 31
              }
            ],
            "keyword": "And "
          },
          {
            "result": {
              "duration": 53038152382,
              "status": "passed"
            },
            "line": 32,
            "name": "I can enter contact details and Click PaySecurel button",
            "match": {
              "location": "TravellerInformationSteps.i_can_enter_contact_details_and_click_on_paysecurely_button()"
            },
            "keyword": "And "
          },
          {
            "result": {
              "duration": 80761729,
              "status": "passed"
            },
            "line": 33,
            "name": "I can navigative to payment page",
            "match": {
              "location": "PaymentCardsSteps.i_can_navigative_to_payment_page()"
            },
            "keyword": "Then "
          },
          {
            "result": {
              "duration": 67014718954,
              "error_message": "org.openqa.selenium.WebDriverException: chrome not reachable\n  (Session info: chrome\u003d68.0.3440.106)\n  (Driver info: chromedriver\u003d2.40.565498 (ea082db3280dd6843ebfb08a625e3eb905c4f5ab),platform\u003dWindows NT 10.0.17134 x86_64) (WARNING: The server did not provide any stacktrace information)\nCommand duration or timeout: 0 milliseconds\nBuild info: version: \u00273.12.0\u0027, revision: \u00277c6e0b3\u0027, time: \u00272018-05-08T14:04:26.12Z\u0027\nSystem info: host: \u0027ROS-PC331\u0027, ip: \u002710.0.75.1\u0027, os.name: \u0027Windows 10\u0027, os.arch: \u0027amd64\u0027, os.version: \u002710.0\u0027, java.version: \u00271.8.0_144\u0027\nDriver info: org.openqa.selenium.chrome.ChromeDriver\nCapabilities {acceptInsecureCerts: false, acceptSslCerts: false, applicationCacheEnabled: false, browserConnectionEnabled: false, browserName: chrome, chrome: {chromedriverVersion: 2.40.565498 (ea082db3280dd6..., userDataDir: C:\\Users\\Nagababu\\AppData\\L...}, cssSelectorsEnabled: true, databaseEnabled: false, handlesAlerts: true, hasTouchScreen: false, javascriptEnabled: true, locationContextEnabled: true, mobileEmulationEnabled: false, nativeEvents: true, networkConnectionEnabled: false, pageLoadStrategy: normal, platform: XP, platformName: XP, rotatable: false, setWindowRect: true, takesHeapSnapshot: true, takesScreenshot: true, unexpectedAlertBehaviour: , unhandledPromptBehavior: , version: 68.0.3440.106, webStorageEnabled: true}\nSession ID: 01cd1e44ccaeb3c770737387699d631b\n*** Element info: {Using\u003did, value\u003dcardNumber_cc}\r\n\tat sun.reflect.NativeConstructorAccessorImpl.newInstance0(Native Method)\r\n\tat sun.reflect.NativeConstructorAccessorImpl.newInstance(Unknown Source)\r\n\tat sun.reflect.DelegatingConstructorAccessorImpl.newInstance(Unknown Source)\r\n\tat java.lang.reflect.Constructor.newInstance(Unknown Source)\r\n\tat org.openqa.selenium.remote.ErrorHandler.createThrowable(ErrorHandler.java:214)\r\n\tat org.openqa.selenium.remote.ErrorHandler.throwIfResponseFailed(ErrorHandler.java:166)\r\n\tat org.openqa.selenium.remote.http.JsonHttpResponseCodec.reconstructValue(JsonHttpResponseCodec.java:40)\r\n\tat org.openqa.selenium.remote.http.AbstractHttpResponseCodec.decode(AbstractHttpResponseCodec.java:80)\r\n\tat org.openqa.selenium.remote.http.AbstractHttpResponseCodec.decode(AbstractHttpResponseCodec.java:44)\r\n\tat org.openqa.selenium.remote.HttpCommandExecutor.execute(HttpCommandExecutor.java:158)\r\n\tat org.openqa.selenium.remote.service.DriverCommandExecutor.execute(DriverCommandExecutor.java:83)\r\n\tat org.openqa.selenium.remote.RemoteWebDriver.execute(RemoteWebDriver.java:543)\r\n\tat org.openqa.selenium.remote.RemoteWebDriver.findElement(RemoteWebDriver.java:317)\r\n\tat org.openqa.selenium.remote.RemoteWebDriver.findElementById(RemoteWebDriver.java:363)\r\n\tat org.openqa.selenium.By$ById.findElement(By.java:188)\r\n\tat org.openqa.selenium.remote.RemoteWebDriver.findElement(RemoteWebDriver.java:309)\r\n\tat org.openqa.selenium.support.pagefactory.DefaultElementLocator.findElement(DefaultElementLocator.java:69)\r\n\tat org.openqa.selenium.support.pagefactory.internal.LocatingElementHandler.invoke(LocatingElementHandler.java:38)\r\n\tat com.sun.proxy.$Proxy19.isDisplayed(Unknown Source)\r\n\tat org.openqa.selenium.support.ui.ExpectedConditions.elementIfVisible(ExpectedConditions.java:315)\r\n\tat org.openqa.selenium.support.ui.ExpectedConditions.access$100(ExpectedConditions.java:44)\r\n\tat org.openqa.selenium.support.ui.ExpectedConditions$10.apply(ExpectedConditions.java:301)\r\n\tat org.openqa.selenium.support.ui.ExpectedConditions$10.apply(ExpectedConditions.java:298)\r\n\tat org.openqa.selenium.support.ui.FluentWait.until(FluentWait.java:248)\r\n\tat cloud.rehlat.utils.PageUtils.waitForElementToLoad(PageUtils.java:169)\r\n\tat cloud.rehlat.utils.PageUtils.sendKeysAfterClearingElement(PageUtils.java:143)\r\n\tat cloud.rehlat.pages.PaymentCards.PaymentCardsPage.enterCreditCardDetails(PaymentCardsPage.java:133)\r\n\tat cloud.rehlat.pages.PaymentCards.PaymentCardsPage.selectCard(PaymentCardsPage.java:219)\r\n\tat cloud.rehlat.steps.PaymentCards.PaymentCardsSteps.i_can_enter_the_card_details(PaymentCardsSteps.java:36)\r\n\tat âœ½.And I can enter the card details(src/test/resources/features/flight/english/GuestUser.feature:34)\r\n",
              "status": "failed"
            },
            "line": 34,
            "name": "I can enter the card details",
            "match": {
              "location": "PaymentCardsSteps.i_can_enter_the_card_details(DataTable)"
            },
            "matchedColumns": [
              1
            ],
            "rows": [
              {
                "cells": [
                  "selectCard",
                  "CreditCard"
                ],
                "line": 35
              }
            ],
            "keyword": "And "
          }
        ],
        "tags": [
          {
            "line": 9,
            "name": "@flight_healthcheck"
          }
        ]
      }
    ],
    "name": "Guest user functionality on Flights",
    "description": "As a User to be able to use Flights functionality\r\nI want to be able to successfully login to Flights",
    "id": "guest-user-functionality-on-flights",
    "keyword": "Feature",
    "uri": "src/test/resources/features/flight/english/GuestUser.feature"
  }
]