<?xml version="1.0" encoding="UTF-8"?>
<testng-results skipped="0" failed="0" total="1" passed="1">
  <reporter-output>
  </reporter-output>
  <suite name="Repricing reports " duration-ms="212778" started-at="2019-01-18T12:15:47Z" finished-at="2019-01-18T12:19:20Z">
    <groups>
      <group name="cucumber">
        <method signature="AbstractTestNGCucumberTests.feature(cucumber.api.testng.CucumberFeatureWrapper)[pri:0, instance:cloud.rehlat.Runner2@6fc6f14e]" name="feature" class="cucumber.api.testng.AbstractTestNGCucumberTests"/>
      </group> <!-- cucumber -->
    </groups>
    <test name="Regression Test" duration-ms="212778" started-at="2019-01-18T12:15:47Z" finished-at="2019-01-18T12:19:20Z">
      <class name="cloud.rehlat.Runner2">
        <test-method status="PASS" signature="setUpClass()[pri:0, instance:cloud.rehlat.Runner2@6fc6f14e]" name="setUpClass" is-config="true" duration-ms="371" started-at="2019-01-18T17:45:47Z" finished-at="2019-01-18T17:45:48Z">
          <reporter-output>
          </reporter-output>
        </test-method> <!-- setUpClass -->
        <test-method status="PASS" signature="feature(cucumber.api.testng.CucumberFeatureWrapper)[pri:0, instance:cloud.rehlat.Runner2@6fc6f14e]" name="feature" duration-ms="212144" started-at="2019-01-18T17:45:48Z" description="Runs Cucumber Feature" data-provider="features" finished-at="2019-01-18T17:49:20Z">
          <params>
            <param index="0">
              <value>
                <![CDATA[Guest user functionality on Flights]]>
              </value>
            </param>
          </params>
          <reporter-output>
          </reporter-output>
        </test-method> <!-- feature -->
        <test-method status="PASS" signature="tearDownClass()[pri:0, instance:cloud.rehlat.Runner2@6fc6f14e]" name="tearDownClass" is-config="true" duration-ms="151" started-at="2019-01-18T17:49:20Z" finished-at="2019-01-18T17:49:20Z">
          <reporter-output>
          </reporter-output>
        </test-method> <!-- tearDownClass -->
      </class> <!-- cloud.rehlat.Runner2 -->
    </test> <!-- Regression Test -->
  </suite> <!-- Repricing reports  -->
</testng-results>
