<?xml version="1.0" encoding="UTF-8"?>
<testng-results skipped="0" failed="1" total="1" passed="0">
  <reporter-output>
  </reporter-output>
  <suite name="Repricing reports " duration-ms="18507" started-at="2018-11-08T08:03:37Z" finished-at="2018-11-08T08:03:55Z">
    <groups>
      <group name="cucumber">
        <method signature="AbstractTestNGCucumberTests.feature(cucumber.api.testng.CucumberFeatureWrapper)[pri:0, instance:cloud.rehlat.Runner2@7b49cea0]" name="feature" class="cucumber.api.testng.AbstractTestNGCucumberTests"/>
      </group> <!-- cucumber -->
    </groups>
    <test name="Regression Test" duration-ms="18507" started-at="2018-11-08T08:03:37Z" finished-at="2018-11-08T08:03:55Z">
      <class name="cloud.rehlat.Runner2">
        <test-method status="PASS" signature="setUpClass()[pri:0, instance:cloud.rehlat.Runner2@7b49cea0]" name="setUpClass" is-config="true" duration-ms="306" started-at="2018-11-08T13:33:37Z" finished-at="2018-11-08T13:33:37Z">
          <reporter-output>
          </reporter-output>
        </test-method> <!-- setUpClass -->
        <test-method status="FAIL" signature="feature(cucumber.api.testng.CucumberFeatureWrapper)[pri:0, instance:cloud.rehlat.Runner2@7b49cea0]" name="feature" duration-ms="17942" started-at="2018-11-08T13:33:37Z" description="Runs Cucumber Feature" data-provider="features" finished-at="2018-11-08T13:33:55Z">
          <params>
            <param index="0">
              <value>
                <![CDATA[Oneway Trip functionality]]>
              </value>
            </param>
          </params>
          <exception class="cucumber.runtime.CucumberException">
            <message>
              <![CDATA[java.lang.NullPointerException]]>
            </message>
            <full-stacktrace>
              <![CDATA[cucumber.runtime.CucumberException: java.lang.NullPointerException
	at cucumber.api.testng.TestNGCucumberRunner.runCucumber(TestNGCucumberRunner.java:69)
	at cucumber.api.testng.AbstractTestNGCucumberTests.feature(AbstractTestNGCucumberTests.java:21)
	at sun.reflect.NativeMethodAccessorImpl.invoke0(Native Method)
	at sun.reflect.NativeMethodAccessorImpl.invoke(Unknown Source)
	at sun.reflect.DelegatingMethodAccessorImpl.invoke(Unknown Source)
	at java.lang.reflect.Method.invoke(Unknown Source)
	at org.testng.internal.MethodInvocationHelper.invokeMethod(MethodInvocationHelper.java:86)
	at org.testng.internal.Invoker.invokeMethod(Invoker.java:643)
	at org.testng.internal.Invoker.invokeTestMethod(Invoker.java:820)
	at org.testng.internal.Invoker.invokeTestMethods(Invoker.java:1128)
	at org.testng.internal.TestMethodWorker.invokeTestMethods(TestMethodWorker.java:129)
	at org.testng.internal.TestMethodWorker.run(TestMethodWorker.java:112)
	at org.testng.TestRunner.privateRun(TestRunner.java:782)
	at org.testng.TestRunner.run(TestRunner.java:632)
	at org.testng.SuiteRunner.runTest(SuiteRunner.java:366)
	at org.testng.SuiteRunner.access$000(SuiteRunner.java:39)
	at org.testng.SuiteRunner$SuiteWorker.run(SuiteRunner.java:400)
	at org.testng.internal.thread.ThreadUtil$2.call(ThreadUtil.java:64)
	at java.util.concurrent.FutureTask.run(Unknown Source)
	at java.util.concurrent.ThreadPoolExecutor.runWorker(Unknown Source)
	at java.util.concurrent.ThreadPoolExecutor$Worker.run(Unknown Source)
	at java.lang.Thread.run(Unknown Source)
Caused by: java.lang.NullPointerException
	at cloud.rehlat.steps.Trips.OneWayTripSteps.i_go_to_select_oneway(OneWayTripSteps.java:32)
	at ✽.When I go to select OneWay Radio button(src/test/resources/features/flight/english/OneWay.feature:23)
]]>
            </full-stacktrace>
          </exception> <!-- cucumber.runtime.CucumberException -->
          <reporter-output>
          </reporter-output>
        </test-method> <!-- feature -->
        <test-method status="PASS" signature="tearDownClass()[pri:0, instance:cloud.rehlat.Runner2@7b49cea0]" name="tearDownClass" is-config="true" duration-ms="160" started-at="2018-11-08T13:33:55Z" finished-at="2018-11-08T13:33:55Z">
          <reporter-output>
          </reporter-output>
        </test-method> <!-- tearDownClass -->
      </class> <!-- cloud.rehlat.Runner2 -->
    </test> <!-- Regression Test -->
  </suite> <!-- Repricing reports  -->
</testng-results>
